app/build/outputs/logs/manifest-merger-debug-report.txt
-- Merging decision tree log ---
manifest
ADDED from src\main\AndroidManifest.xml:2:1-342:12
	package
		ADDED from src\main\AndroidManifest.xml:3:5-32
		INJECTED from src\main\AndroidManifest.xml
		INJECTED from src\main\AndroidManifest.xml
	android:versionName
		INJECTED from src\main\AndroidManifest.xml
		INJECTED from src\main\AndroidManifest.xml
	xmlns:android
		ADDED from src\main\AndroidManifest.xml:2:11-69
	android:versionCode
		INJECTED from src\main\AndroidManifest.xml
		INJECTED from src\main\AndroidManifest.xml
uses-sdk
ADDED from src\main\AndroidManifest.xml:5:5-7:41
MERGED from [com.android.support:multidex:1.0.1] AndroidManifest.xml:18:5-42
MERGED from [com.android.support:design:23.1.1] AndroidManifest.xml:20:5-43
MERGED from [com.android.support:appcompat-v7:23.1.1] AndroidManifest.xml:20:5-43
MERGED from [com.android.support:recyclerview-v7:23.1.1] AndroidManifest.xml:20:5-43
MERGED from [com.google.android.gms:play-services-gcm:8.4.0] AndroidManifest.xml:18:5-42
MERGED from [com.google.android.gms:play-services-base:8.4.0] AndroidManifest.xml:18:5-42
MERGED from [com.google.android.gms:play-services-measurement:8.4.0] AndroidManifest.xml:18:5-42
MERGED from [com.google.android.gms:play-services-basement:8.4.0] AndroidManifest.xml:18:5-42
MERGED from [com.android.support:support-v4:23.1.1] AndroidManifest.xml:20:5-43
	android:targetSdkVersion
		ADDED from src\main\AndroidManifest.xml:7:9-38
		INJECTED from src\main\AndroidManifest.xml
		INJECTED from src\main\AndroidManifest.xml
	android:minSdkVersion
		ADDED from src\main\AndroidManifest.xml:6:9-34
		INJECTED from src\main\AndroidManifest.xml
		INJECTED from src\main\AndroidManifest.xml
uses-permission#android.permission.READ_OWNER_DATA
ADDED from src\main\AndroidManifest.xml:9:5-74
	android:name
		ADDED from src\main\AndroidManifest.xml:9:22-71
uses-permission#android.permission.WRITE_OWNER_DATA
ADDED from src\main\AndroidManifest.xml:10:5-75
	android:name
		ADDED from src\main\AndroidManifest.xml:10:22-72
uses-permission#android.permission.WRITE_EXTERNAL_STORAGE
ADDED from src\main\AndroidManifest.xml:11:5-81
	android:name
		ADDED from src\main\AndroidManifest.xml:11:22-78
uses-permission#android.permission.READ_EXTERNAL_STORAGE
ADDED from src\main\AndroidManifest.xml:12:5-106
	android:maxSdkVersion
		ADDED from src\main\AndroidManifest.xml:12:78-104
	android:name
		ADDED from src\main\AndroidManifest.xml:12:22-77
uses-permission#android.permission.READ_
ADDED from src\main\AndroidManifest.xml:13:5-64
	android:name
		ADDED from src\main\AndroidManifest.xml:13:22-61
uses-permission#android.permission.INTERNET
ADDED from src\main\AndroidManifest.xml:14:5-67
MERGED from [com.google.android.gms:play-services-gcm:8.4.0] AndroidManifest.xml:22:5-67
MERGED from [com.google.android.gms:play-services-measurement:8.4.0] AndroidManifest.xml:21:5-67
	android:name
		ADDED from src\main\AndroidManifest.xml:14:22-64
uses-permission#android.permission.ACCESS_NETWORK_STATE
ADDED from src\main\AndroidManifest.xml:15:5-79
MERGED from [com.google.android.gms:play-services-measurement:8.4.0] AndroidManifest.xml:22:5-79
	android:name
		ADDED from src\main\AndroidManifest.xml:15:22-76
uses-permission#android.permission.READ_CONTACTS
ADDED from src\main\AndroidManifest.xml:16:5-72
	android:name
		ADDED from src\main\AndroidManifest.xml:16:22-69
uses-permission#android.permission.ACCESS_FINE_LOCATION
ADDED from src\main\AndroidManifest.xml:17:5-79
	android:name
		ADDED from src\main\AndroidManifest.xml:17:22-76
uses-permission#android.permission.ACCESS_COARSE_LOCATION
ADDED from src\main\AndroidManifest.xml:18:5-81
	android:name
		ADDED from src\main\AndroidManifest.xml:18:22-78
uses-permission#android.permission.WAKE_LOCK
ADDED from src\main\AndroidManifest.xml:19:5-68
MERGED from [com.google.android.gms:play-services-measurement:8.4.0] AndroidManifest.xml:24:5-67
	android:name
		ADDED from src\main\AndroidManifest.xml:19:22-65
uses-permission#com.mail.sendsafe.permission.BROADCAST_BADGE
ADDED from src\main\AndroidManifest.xml:20:5-84
	android:name
		ADDED from src\main\AndroidManifest.xml:20:22-81
uses-permission#com.mail.sendsafe.permission.INTERACT_ACROSS_USERS_FULL
ADDED from src\main\AndroidManifest.xml:21:5-95
	android:name
		ADDED from src\main\AndroidManifest.xml:21:22-92
permission#com.mail.sendsafe.permission.C2D_MESSAGE
ADDED from src\main\AndroidManifest.xml:25:5-27:47
	android:protectionLevel
		ADDED from src\main\AndroidManifest.xml:27:9-44
	android:name
		ADDED from src\main\AndroidManifest.xml:26:9-64
uses-permission#com.google.android.c2dm.permission.RECEIVE
ADDED from src\main\AndroidManifest.xml:29:5-82
MERGED from [com.google.android.gms:play-services-gcm:8.4.0] AndroidManifest.xml:21:5-82
	android:name
		ADDED from src\main\AndroidManifest.xml:29:22-79
application
ADDED from src\main\AndroidManifest.xml:31:5-340:19
MERGED from [com.android.support:design:23.1.1] AndroidManifest.xml:22:5-20
MERGED from [com.android.support:appcompat-v7:23.1.1] AndroidManifest.xml:22:5-20
MERGED from [com.google.android.gms:play-services-gcm:8.4.0] AndroidManifest.xml:24:5-20
MERGED from [com.google.android.gms:play-services-measurement:8.4.0] AndroidManifest.xml:26:5-46:19
MERGED from [com.google.android.gms:play-services-basement:8.4.0] AndroidManifest.xml:20:5-24:19
MERGED from [com.android.support:support-v4:23.1.1] AndroidManifest.xml:22:5-20
	android:label
		ADDED from src\main\AndroidManifest.xml:34:9-41
	android:exported
		ADDED from src\main\AndroidManifest.xml:36:9-32
	android:allowBackup
		ADDED from src\main\AndroidManifest.xml:32:9-35
	android:icon
		ADDED from src\main\AndroidManifest.xml:33:9-45
	android:largeHeap
		ADDED from src\main\AndroidManifest.xml:35:9-33
	android:theme
		ADDED from src\main\AndroidManifest.xml:37:9-40
activity#com.mail.sendsafe.SplashActivity
ADDED from src\main\AndroidManifest.xml:38:9-47:20
	android:screenOrientation
		ADDED from src\main\AndroidManifest.xml:41:13-49
	android:label
		ADDED from src\main\AndroidManifest.xml:40:13-45
	android:name
		ADDED from src\main\AndroidManifest.xml:39:13-60
intent-filter#android.intent.action.MAIN+android.intent.category.LAUNCHER
ADDED from src\main\AndroidManifest.xml:42:13-46:29
action#android.intent.action.MAIN
ADDED from src\main\AndroidManifest.xml:43:17-69
	android:name
		ADDED from src\main\AndroidManifest.xml:43:25-66
category#android.intent.category.LAUNCHER
ADDED from src\main\AndroidManifest.xml:45:17-77
	android:name
		ADDED from src\main\AndroidManifest.xml:45:27-74
activity#com.mail.sendsafe.Login
ADDED from src\main\AndroidManifest.xml:48:9-57:20
	android:screenOrientation
		ADDED from src\main\AndroidManifest.xml:51:13-49
	android:label
		ADDED from src\main\AndroidManifest.xml:50:13-45
	android:name
		ADDED from src\main\AndroidManifest.xml:49:13-51
intent-filter#android.intent.action.VIEW+android.intent.category.LAUNCHER
ADDED from src\main\AndroidManifest.xml:52:13-56:29
action#android.intent.action.VIEW
ADDED from src\main\AndroidManifest.xml:53:17-69
	android:name
		ADDED from src\main\AndroidManifest.xml:53:25-66
activity#com.mail.sendsafe.MPayment
ADDED from src\main\AndroidManifest.xml:58:9-62:52
	android:screenOrientation
		ADDED from src\main\AndroidManifest.xml:62:13-49
	android:label
		ADDED from src\main\AndroidManifest.xml:61:13-45
	android:exported
		ADDED from src\main\AndroidManifest.xml:60:13-37
	android:name
		ADDED from src\main\AndroidManifest.xml:59:13-54
activity#com.mail.sendsafe.ImageActivity
ADDED from src\main\AndroidManifest.xml:64:9-73:20
	android:screenOrientation
		ADDED from src\main\AndroidManifest.xml:67:13-49
	android:label
		ADDED from src\main\AndroidManifest.xml:66:13-45
	android:name
		ADDED from src\main\AndroidManifest.xml:65:13-59
activity#com.mail.sendsafe.web.VideoPlay
ADDED from src\main\AndroidManifest.xml:74:9-83:20
	android:screenOrientation
		ADDED from src\main\AndroidManifest.xml:77:13-49
	android:label
		ADDED from src\main\AndroidManifest.xml:76:13-45
	android:name
		ADDED from src\main\AndroidManifest.xml:75:13-59
activity#com.mail.sendsafe.web.PdfView
ADDED from src\main\AndroidManifest.xml:84:9-93:20
	android:screenOrientation
		ADDED from src\main\AndroidManifest.xml:87:13-49
	android:label
		ADDED from src\main\AndroidManifest.xml:86:13-45
	android:name
		ADDED from src\main\AndroidManifest.xml:85:13-57
activity#com.mail.sendsafe.MailPin_Act
ADDED from src\main\AndroidManifest.xml:95:9-104:20
	android:screenOrientation
		ADDED from src\main\AndroidManifest.xml:98:13-49
	android:label
		ADDED from src\main\AndroidManifest.xml:97:13-45
	android:name
		ADDED from src\main\AndroidManifest.xml:96:13-57
activity#com.mail.sendsafe.Registration
ADDED from src\main\AndroidManifest.xml:105:9-115:20
	android:screenOrientation
		ADDED from src\main\AndroidManifest.xml:108:13-49
	android:label
		ADDED from src\main\AndroidManifest.xml:107:13-45
	android:windowSoftInputMode
		ADDED from src\main\AndroidManifest.xml:109:13-52
	android:name
		ADDED from src\main\AndroidManifest.xml:106:13-58
activity#com.mail.sendsafe.LoginInWithPin
ADDED from src\main\AndroidManifest.xml:116:9-125:20
	android:screenOrientation
		ADDED from src\main\AndroidManifest.xml:119:13-49
	android:label
		ADDED from src\main\AndroidManifest.xml:118:13-45
	android:name
		ADDED from src\main\AndroidManifest.xml:117:13-60
activity#com.mail.sendsafe.ForgetPassword
ADDED from src\main\AndroidManifest.xml:127:9-136:20
	android:screenOrientation
		ADDED from src\main\AndroidManifest.xml:130:13-49
	android:label
		ADDED from src\main\AndroidManifest.xml:129:13-45
	android:name
		ADDED from src\main\AndroidManifest.xml:128:13-60
activity#com.mail.sendsafe.ChangePassword
ADDED from src\main\AndroidManifest.xml:137:9-146:20
	android:screenOrientation
		ADDED from src\main\AndroidManifest.xml:140:13-49
	android:label
		ADDED from src\main\AndroidManifest.xml:139:13-45
	android:name
		ADDED from src\main\AndroidManifest.xml:138:13-60
activity#com.mail.sendsafe.ContactUs
ADDED from src\main\AndroidManifest.xml:147:9-156:20
	android:screenOrientation
		ADDED from src\main\AndroidManifest.xml:150:13-49
	android:label
		ADDED from src\main\AndroidManifest.xml:149:13-45
	android:name
		ADDED from src\main\AndroidManifest.xml:148:13-55
activity#com.mail.sendsafe.PinRecovery
ADDED from src\main\AndroidManifest.xml:157:9-166:20
	android:screenOrientation
		ADDED from src\main\AndroidManifest.xml:160:13-49
	android:label
		ADDED from src\main\AndroidManifest.xml:159:13-45
	android:name
		ADDED from src\main\AndroidManifest.xml:158:13-57
activity#com.mail.sendsafe.GeneratePin
ADDED from src\main\AndroidManifest.xml:167:9-176:20
	android:screenOrientation
		ADDED from src\main\AndroidManifest.xml:170:13-49
	android:label
		ADDED from src\main\AndroidManifest.xml:169:13-45
	android:name
		ADDED from src\main\AndroidManifest.xml:168:13-57
activity#com.mail.sendsafe.Bsecure
ADDED from src\main\AndroidManifest.xml:177:9-187:20
	android:screenOrientation
		ADDED from src\main\AndroidManifest.xml:180:13-49
	android:label
		ADDED from src\main\AndroidManifest.xml:179:13-45
	android:windowSoftInputMode
		ADDED from src\main\AndroidManifest.xml:181:13-52
	android:name
		ADDED from src\main\AndroidManifest.xml:178:13-53
activity#com.mail.sendsafe.Profile_Activity
ADDED from src\main\AndroidManifest.xml:188:9-197:20
	android:screenOrientation
		ADDED from src\main\AndroidManifest.xml:191:13-49
	android:label
		ADDED from src\main\AndroidManifest.xml:190:13-45
	android:name
		ADDED from src\main\AndroidManifest.xml:189:13-62
activity#com.mail.sendsafe.InvitePeople
ADDED from src\main\AndroidManifest.xml:198:9-207:20
	android:screenOrientation
		ADDED from src\main\AndroidManifest.xml:201:13-49
	android:label
		ADDED from src\main\AndroidManifest.xml:200:13-45
	android:name
		ADDED from src\main\AndroidManifest.xml:199:13-58
activity#com.mail.sendsafe.account.View_Wallet
ADDED from src\main\AndroidManifest.xml:208:9-217:20
	android:screenOrientation
		ADDED from src\main\AndroidManifest.xml:211:13-49
	android:label
		ADDED from src\main\AndroidManifest.xml:210:13-45
	android:name
		ADDED from src\main\AndroidManifest.xml:209:13-65
activity#com.mail.sendsafe.account.UpdateBankDetails
ADDED from src\main\AndroidManifest.xml:218:9-227:20
	android:screenOrientation
		ADDED from src\main\AndroidManifest.xml:221:13-49
	android:label
		ADDED from src\main\AndroidManifest.xml:220:13-45
	android:name
		ADDED from src\main\AndroidManifest.xml:219:13-71
activity#com.mail.sendsafe.account.TransferAmount
ADDED from src\main\AndroidManifest.xml:228:9-237:20
	android:screenOrientation
		ADDED from src\main\AndroidManifest.xml:231:13-49
	android:label
		ADDED from src\main\AndroidManifest.xml:230:13-45
	android:name
		ADDED from src\main\AndroidManifest.xml:229:13-68
activity#com.mail.sendsafe.account.ViewContacts
ADDED from src\main\AndroidManifest.xml:238:9-248:20
	android:screenOrientation
		ADDED from src\main\AndroidManifest.xml:241:13-49
	android:label
		ADDED from src\main\AndroidManifest.xml:240:13-45
	android:windowSoftInputMode
		ADDED from src\main\AndroidManifest.xml:242:13-52
	android:name
		ADDED from src\main\AndroidManifest.xml:239:13-66
activity#com.mail.sendsafe.account.AddContacts
ADDED from src\main\AndroidManifest.xml:249:9-259:20
	android:screenOrientation
		ADDED from src\main\AndroidManifest.xml:252:13-49
	android:label
		ADDED from src\main\AndroidManifest.xml:251:13-45
	android:windowSoftInputMode
		ADDED from src\main\AndroidManifest.xml:253:13-52
	android:name
		ADDED from src\main\AndroidManifest.xml:250:13-65
activity#com.mail.sendsafe.web.UserGuide
ADDED from src\main\AndroidManifest.xml:260:9-269:20
	android:screenOrientation
		ADDED from src\main\AndroidManifest.xml:263:13-49
	android:label
		ADDED from src\main\AndroidManifest.xml:262:13-45
	android:name
		ADDED from src\main\AndroidManifest.xml:261:13-59
activity#com.mail.sendsafe.web.AboutUs
ADDED from src\main\AndroidManifest.xml:270:9-279:20
	android:screenOrientation
		ADDED from src\main\AndroidManifest.xml:273:13-49
	android:label
		ADDED from src\main\AndroidManifest.xml:272:13-45
	android:name
		ADDED from src\main\AndroidManifest.xml:271:13-57
activity#com.mail.sendsafe.account.Contact_Edit
ADDED from src\main\AndroidManifest.xml:280:9-290:20
	android:screenOrientation
		ADDED from src\main\AndroidManifest.xml:283:13-49
	android:label
		ADDED from src\main\AndroidManifest.xml:282:13-45
	android:windowSoftInputMode
		ADDED from src\main\AndroidManifest.xml:284:13-52
	android:name
		ADDED from src\main\AndroidManifest.xml:281:13-66
activity#com.mail.sendsafe.ManageFolders
ADDED from src\main\AndroidManifest.xml:291:9-300:20
	android:screenOrientation
		ADDED from src\main\AndroidManifest.xml:294:13-49
	android:label
		ADDED from src\main\AndroidManifest.xml:293:13-45
	android:name
		ADDED from src\main\AndroidManifest.xml:292:13-59
activity#com.mail.sendsafe.WebRegister
ADDED from src\main\AndroidManifest.xml:301:9-310:20
	android:screenOrientation
		ADDED from src\main\AndroidManifest.xml:304:13-49
	android:label
		ADDED from src\main\AndroidManifest.xml:303:13-45
	android:name
		ADDED from src\main\AndroidManifest.xml:302:13-57
activity#com.mail.sendsafe.PromoteActivity
ADDED from src\main\AndroidManifest.xml:311:9-327:20
	android:screenOrientation
		ADDED from src\main\AndroidManifest.xml:315:13-49
	android:label
		ADDED from src\main\AndroidManifest.xml:313:13-45
	android:launchMode
		ADDED from src\main\AndroidManifest.xml:314:13-48
	android:name
		ADDED from src\main\AndroidManifest.xml:312:13-61
intent-filter#android.intent.action.VIEW+android.intent.category.BROWSABLE+android.intent.category.DEFAULT
ADDED from src\main\AndroidManifest.xml:316:13-326:29
category#android.intent.category.DEFAULT
ADDED from src\main\AndroidManifest.xml:319:17-76
	android:name
		ADDED from src\main\AndroidManifest.xml:319:27-73
category#android.intent.category.BROWSABLE
ADDED from src\main\AndroidManifest.xml:320:17-78
	android:name
		ADDED from src\main\AndroidManifest.xml:320:27-75
data
ADDED from src\main\AndroidManifest.xml:322:17-325:45
	android:host
		ADDED from src\main\AndroidManifest.xml:323:21-44
	android:scheme
		ADDED from src\main\AndroidManifest.xml:325:21-42
	android:pathPrefix
		ADDED from src\main\AndroidManifest.xml:324:21-88
receiver#com.mail.sendsafe.services.GcmBroadcastReceiver
ADDED from src\main\AndroidManifest.xml:329:9-337:20
	android:permission
		ADDED from src\main\AndroidManifest.xml:331:13-73
	android:name
		ADDED from src\main\AndroidManifest.xml:330:13-75
intent-filter#com.google.android.c2dm.intent.RECEIVE+com.google.android.c2dm.intent.REGISTRATION+com.mail.sendsafe
ADDED from src\main\AndroidManifest.xml:332:13-336:29
action#com.google.android.c2dm.intent.RECEIVE
ADDED from src\main\AndroidManifest.xml:333:17-81
	android:name
		ADDED from src\main\AndroidManifest.xml:333:25-78
action#com.google.android.c2dm.intent.REGISTRATION
ADDED from src\main\AndroidManifest.xml:334:17-86
	android:name
		ADDED from src\main\AndroidManifest.xml:334:25-83
category#com.mail.sendsafe
ADDED from src\main\AndroidManifest.xml:335:17-62
	android:name
		ADDED from src\main\AndroidManifest.xml:335:27-59
service#com.mail.sendsafe.services.GCMNotificationIntentService
ADDED from src\main\AndroidManifest.xml:339:9-91
	android:name
		ADDED from src\main\AndroidManifest.xml:339:18-88
provider#com.google.android.gms.measurement.AppMeasurementContentProvider
ADDED from [com.google.android.gms:play-services-measurement:8.4.0] AndroidManifest.xml:28:7-31:37
	android:authorities
		ADDED from [com.google.android.gms:play-services-measurement:8.4.0] AndroidManifest.xml:29:11-76
	android:exported
		ADDED from [com.google.android.gms:play-services-measurement:8.4.0] AndroidManifest.xml:31:11-35
	android:name
		ADDED from [com.google.android.gms:play-services-measurement:8.4.0] AndroidManifest.xml:30:11-90
receiver#com.google.android.gms.measurement.AppMeasurementReceiver
ADDED from [com.google.android.gms:play-services-measurement:8.4.0] AndroidManifest.xml:33:7-39:18
	android:enabled
		ADDED from [com.google.android.gms:play-services-measurement:8.4.0] AndroidManifest.xml:35:11-33
	android:name
		ADDED from [com.google.android.gms:play-services-measurement:8.4.0] AndroidManifest.xml:34:11-83
intent-filter#com.google.android.gms.measurement.UPLOAD
ADDED from [com.google.android.gms:play-services-measurement:8.4.0] AndroidManifest.xml:36:9-38:25
action#com.google.android.gms.measurement.UPLOAD
ADDED from [com.google.android.gms:play-services-measurement:8.4.0] AndroidManifest.xml:37:11-77
	android:name
		ADDED from [com.google.android.gms:play-services-measurement:8.4.0] AndroidManifest.xml:37:19-75
service#com.google.android.gms.measurement.AppMeasurementService
ADDED from [com.google.android.gms:play-services-measurement:8.4.0] AndroidManifest.xml:41:7-44:37
	android:enabled
		ADDED from [com.google.android.gms:play-services-measurement:8.4.0] AndroidManifest.xml:43:11-33
	android:exported
		ADDED from [com.google.android.gms:play-services-measurement:8.4.0] AndroidManifest.xml:44:11-35
	android:name
		ADDED from [com.google.android.gms:play-services-measurement:8.4.0] AndroidManifest.xml:42:11-82
meta-data#com.google.android.gms.version
ADDED from [com.google.android.gms:play-services-basement:8.4.0] AndroidManifest.xml:21:9-23:69
	android:value
		ADDED from [com.google.android.gms:play-services-basement:8.4.0] AndroidManifest.xml:23:13-66
	android:name
		ADDED from [com.google.android.gms:play-services-basement:8.4.0] AndroidManifest.xml:22:13-58